nohup: ignoring input

Collecting usage statistics. To deactivate, set browser.gatherUsageStats to false.


  You can now view your Streamlit app in your browser.

  URL: http://0.0.0.0:8501

2026-02-04 09:37:16.338 Uncaught app execution
Traceback (most recent call last):
  File "/home/saivibhin4321/endee/venv_rag/lib/python3.10/site-packages/streamlit/runtime/scriptrunner/exec_code.py", line 129, in exec_func_with_error_handling
    result = func()
  File "/home/saivibhin4321/endee/venv_rag/lib/python3.10/site-packages/streamlit/runtime/scriptrunner/script_runner.py", line 672, in code_to_exec
    exec(code, module.__dict__)  # noqa: S102
  File "/home/saivibhin4321/endee/app.py", line 9, in <module>
    import docx  # NEW: For Word Docs
ModuleNotFoundError: No module named 'docx'
2026-02-04 09:37:16.338 Uncaught app execution
Traceback (most recent call last):
  File "/home/saivibhin4321/endee/venv_rag/lib/python3.10/site-packages/streamlit/runtime/scriptrunner/exec_code.py", line 129, in exec_func_with_error_handling
    result = func()
  File "/home/saivibhin4321/endee/venv_rag/lib/python3.10/site-packages/streamlit/runtime/scriptrunner/script_runner.py", line 672, in code_to_exec
    exec(code, module.__dict__)  # noqa: S102
  File "/home/saivibhin4321/endee/app.py", line 9, in <module>
    import docx  # NEW: For Word Docs
ModuleNotFoundError: No module named 'docx'
2026-02-04 09:37:18.173 Uncaught app execution
Traceback (most recent call last):
  File "/home/saivibhin4321/endee/venv_rag/lib/python3.10/site-packages/streamlit/runtime/scriptrunner/exec_code.py", line 129, in exec_func_with_error_handling
    result = func()
  File "/home/saivibhin4321/endee/venv_rag/lib/python3.10/site-packages/streamlit/runtime/scriptrunner/script_runner.py", line 672, in code_to_exec
    exec(code, module.__dict__)  # noqa: S102
  File "/home/saivibhin4321/endee/app.py", line 9, in <module>
    import docx  # NEW: For Word Docs
ModuleNotFoundError: No module named 'docx'
2026-02-04 09:37:47.190 Uncaught app execution
Traceback (most recent call last):
  File "/home/saivibhin4321/endee/venv_rag/lib/python3.10/site-packages/streamlit/runtime/scriptrunner/exec_code.py", line 129, in exec_func_with_error_handling
    result = func()
  File "/home/saivibhin4321/endee/venv_rag/lib/python3.10/site-packages/streamlit/runtime/scriptrunner/script_runner.py", line 672, in code_to_exec
    exec(code, module.__dict__)  # noqa: S102
  File "/home/saivibhin4321/endee/app.py", line 9, in <module>
    import docx  # NEW: For Word Docs
  File "/home/saivibhin4321/endee/venv_rag/lib/python3.10/site-packages/docx.py", line 30, in <module>
    from exceptions import PendingDeprecationWarning
ModuleNotFoundError: No module named 'exceptions'
/home/saivibhin4321/endee/app.py:27: LangChainDeprecationWarning: The class `OllamaEmbeddings` was deprecated in LangChain 0.3.1 and will be removed in 1.0.0. An updated version of the class exists in the `langchain-ollama package and should be used instead. To use it run `pip install -U `langchain-ollama` and import as `from `langchain_ollama import OllamaEmbeddings``.
  embeddings = OllamaEmbeddings(model="nomic-embed-text")
/home/saivibhin4321/endee/app.py:28: LangChainDeprecationWarning: The class `Ollama` was deprecated in LangChain 0.3.1 and will be removed in 1.0.0. An updated version of the class exists in the `langchain-ollama package and should be used instead. To use it run `pip install -U `langchain-ollama` and import as `from `langchain_ollama import OllamaLLM``.
  llm = Ollama(model="llama3.2:1b", keep_alive="1h")
